<?xml version="1.0" encoding="UTF-8"?>
<!-- Generated by org.testng.reporters.JUnitXMLReporter -->
<testsuite ignored="2" hostname="DESKTOP-RA01EM1" failures="0" tests="3" name="Test" time="86.08" errors="0" timestamp="2023-06-29T20:53:25 IST">
  <testcase classname="TestCases.VrifyRegester" name="Regester" time="4.713"/>
  <testcase classname="TestCases.VerifyLogIn" name="Login" time="3.022"/>
  <testcase classname="TestCases.veifyAccServices" name="Login" time="33.579"/>
  <testcase classname="Resources.BaseClass" name="@AfterSuite quitBrowser" time="0.0">
    <ignored/>
  </testcase> <!-- @AfterSuite quitBrowser -->
  <testcase classname="Resources.BaseClass" name="@AfterSuite quitBrowser" time="0.0">
    <ignored/>
  </testcase> <!-- @AfterSuite quitBrowser -->
</testsuite> <!-- Test -->
