<?xml version="1.0" encoding="UTF-8"?>
<!-- Generated by org.testng.reporters.JUnitXMLReporter -->
<testsuite ignored="2" hostname="DESKTOP-RA01EM1" failures="0" tests="3" name="Test" time="113.466" errors="0" timestamp="2023-06-30T23:11:33 IST">
  <testcase classname="TestCases.VrifyRegester" name="Regester" time="7.771"/>
  <testcase classname="TestCases.VerifyLogIn" name="Login" time="2.214"/>
  <testcase classname="TestCases.veifyAccServices" name="Login" time="62.583"/>
  <testcase classname="Resources.BaseClass" name="@AfterSuite quitBrowser" time="0.0">
    <ignored/>
  </testcase> <!-- @AfterSuite quitBrowser -->
  <testcase classname="Resources.BaseClass" name="@AfterSuite quitBrowser" time="0.0">
    <ignored/>
  </testcase> <!-- @AfterSuite quitBrowser -->
</testsuite> <!-- Test -->
