<?xml version="1.0" encoding="UTF-8"?>
<testng-results ignored="2" total="5" passed="3" failed="0" skipped="0">
  <reporter-output>
  </reporter-output>
  <suite started-at="2023-06-30T23:09:40 IST" name="Suite" finished-at="2023-06-30T23:11:33 IST" duration-ms="113466">
    <groups>
    </groups>
    <test started-at="2023-06-30T23:09:40 IST" name="Test" finished-at="2023-06-30T23:11:33 IST" duration-ms="113466">
      <class name="TestCases.veifyAccServices">
        <test-method is-config="true" signature="LaunchBrowser()[pri:0, instance:TestCases.veifyAccServices@1189dd52]" started-at="2023-06-30T23:10:19 IST" name="LaunchBrowser" finished-at="2023-06-30T23:10:31 IST" duration-ms="11447" status="PASS">
          <reporter-output>
          </reporter-output>
        </test-method> <!-- LaunchBrowser -->
        <test-method signature="Login()[pri:0, instance:TestCases.veifyAccServices@1189dd52]" started-at="2023-06-30T23:10:31 IST" name="Login" finished-at="2023-06-30T23:11:33 IST" duration-ms="62583" status="PASS">
          <reporter-output>
          </reporter-output>
        </test-method> <!-- Login -->
      </class> <!-- TestCases.veifyAccServices -->
      <class name="TestCases.VrifyRegester">
        <test-method is-config="true" signature="LaunchBrowser()[pri:0, instance:TestCases.VrifyRegester@52bf72b5]" started-at="2023-06-30T23:09:40 IST" name="LaunchBrowser" finished-at="2023-06-30T23:09:57 IST" duration-ms="17225" status="PASS">
          <reporter-output>
          </reporter-output>
        </test-method> <!-- LaunchBrowser -->
        <test-method signature="Regester()[pri:0, instance:TestCases.VrifyRegester@52bf72b5]" started-at="2023-06-30T23:09:57 IST" name="Regester" finished-at="2023-06-30T23:10:05 IST" duration-ms="7771" status="PASS">
          <reporter-output>
          </reporter-output>
        </test-method> <!-- Regester -->
        <test-method is-config="true" signature="quitBrowser()[pri:0, instance:TestCases.VrifyRegester@52bf72b5]" started-at="2023-06-30T23:11:33 IST" name="quitBrowser" finished-at="2023-06-30T23:11:34 IST" duration-ms="714" status="PASS">
          <reporter-output>
          </reporter-output>
        </test-method> <!-- quitBrowser -->
      </class> <!-- TestCases.VrifyRegester -->
      <class name="TestCases.VerifyLogIn">
        <test-method is-config="true" signature="LaunchBrowser()[pri:0, instance:TestCases.VerifyLogIn@7e07db1f]" started-at="2023-06-30T23:10:05 IST" name="LaunchBrowser" finished-at="2023-06-30T23:10:17 IST" duration-ms="12127" status="PASS">
          <reporter-output>
          </reporter-output>
        </test-method> <!-- LaunchBrowser -->
        <test-method signature="Login()[pri:1, instance:TestCases.VerifyLogIn@7e07db1f]" started-at="2023-06-30T23:10:17 IST" name="Login" finished-at="2023-06-30T23:10:19 IST" duration-ms="2214" status="PASS">
          <reporter-output>
          </reporter-output>
        </test-method> <!-- Login -->
      </class> <!-- TestCases.VerifyLogIn -->
    </test> <!-- Test -->
  </suite> <!-- Suite -->
</testng-results>
