<?xml version="1.0" encoding="UTF-8"?>
<testng-results ignored="2" total="5" passed="3" failed="0" skipped="0">
  <reporter-output>
  </reporter-output>
  <suite started-at="2023-06-29T20:51:59 IST" name="Suite" finished-at="2023-06-29T20:53:25 IST" duration-ms="86080">
    <groups>
    </groups>
    <test started-at="2023-06-29T20:51:59 IST" name="Test" finished-at="2023-06-29T20:53:25 IST" duration-ms="86080">
      <class name="TestCases.veifyAccServices">
        <test-method is-config="true" signature="LaunchBrowser()[pri:0, instance:TestCases.veifyAccServices@49139829]" started-at="2023-06-29T20:52:37 IST" name="LaunchBrowser" finished-at="2023-06-29T20:52:51 IST" duration-ms="14541" status="PASS">
          <reporter-output>
          </reporter-output>
        </test-method> <!-- LaunchBrowser -->
        <test-method signature="Login()[pri:0, instance:TestCases.veifyAccServices@49139829]" started-at="2023-06-29T20:52:51 IST" name="Login" finished-at="2023-06-29T20:53:25 IST" duration-ms="33579" status="PASS">
          <reporter-output>
          </reporter-output>
        </test-method> <!-- Login -->
      </class> <!-- TestCases.veifyAccServices -->
      <class name="TestCases.VrifyRegester">
        <test-method is-config="true" signature="LaunchBrowser()[pri:0, instance:TestCases.VrifyRegester@36902638]" started-at="2023-06-29T20:51:59 IST" name="LaunchBrowser" finished-at="2023-06-29T20:52:16 IST" duration-ms="17250" status="PASS">
          <reporter-output>
          </reporter-output>
        </test-method> <!-- LaunchBrowser -->
        <test-method signature="Regester()[pri:0, instance:TestCases.VrifyRegester@36902638]" started-at="2023-06-29T20:52:16 IST" name="Regester" finished-at="2023-06-29T20:52:21 IST" duration-ms="4713" status="PASS">
          <reporter-output>
          </reporter-output>
        </test-method> <!-- Regester -->
        <test-method is-config="true" signature="quitBrowser()[pri:0, instance:TestCases.VrifyRegester@36902638]" started-at="2023-06-29T20:53:25 IST" name="quitBrowser" finished-at="2023-06-29T20:53:31 IST" duration-ms="5457" status="PASS">
          <reporter-output>
          </reporter-output>
        </test-method> <!-- quitBrowser -->
      </class> <!-- TestCases.VrifyRegester -->
      <class name="TestCases.VerifyLogIn">
        <test-method is-config="true" signature="LaunchBrowser()[pri:0, instance:TestCases.VerifyLogIn@223191a6]" started-at="2023-06-29T20:52:21 IST" name="LaunchBrowser" finished-at="2023-06-29T20:52:34 IST" duration-ms="12852" status="PASS">
          <reporter-output>
          </reporter-output>
        </test-method> <!-- LaunchBrowser -->
        <test-method signature="Login()[pri:1, instance:TestCases.VerifyLogIn@223191a6]" started-at="2023-06-29T20:52:34 IST" name="Login" finished-at="2023-06-29T20:52:37 IST" duration-ms="3022" status="PASS">
          <reporter-output>
          </reporter-output>
        </test-method> <!-- Login -->
      </class> <!-- TestCases.VerifyLogIn -->
    </test> <!-- Test -->
  </suite> <!-- Suite -->
</testng-results>
